<?xml version="1.0" encoding="UTF-8"?>
<testsuite name="com.backend.api.common.config.JasyptConfigTest" tests="3" skipped="0" failures="0" errors="0" timestamp="2025-06-08T07:14:48" hostname="Andrewui-MacBookPro.local" time="0.244">
  <properties/>
  <testcase name="암호화/복호화가 정상적으로 작동하는지 테스트" classname="com.backend.api.common.config.JasyptConfigTest" time="0.219"/>
  <testcase name="JasyptConfig에서 StringEncryptor Bean이 정상적으로 생성되는지 테스트" classname="com.backend.api.common.config.JasyptConfigTest" time="0.001"/>
  <testcase name="새로운 값들을 암호화하여 datasource 설정에 사용할 수 있는 값들 생성" classname="com.backend.api.common.config.JasyptConfigTest" time="0.023"/>
  <system-out><![CDATA[]]>&#x1f510;<![CDATA[ BouncyCastle 프로바이더가 static 블록에서 등록되었습니다.
]]>&#x1f510;<![CDATA[ Jasypt 설정 완료:
  - 알고리즘: PBEWITHSHA256AND256BITAES-CBC-BC
  - 프로바이더: BC
  - 출력 타입: base64
]]>&#x1f510;<![CDATA[ 원본: 테스트 문자열
]]>&#x1f512;<![CDATA[ 암호화: JfKHgINozFPZHGQWBJbth7OQRMnMi013UlnhxRMF0WHno9XcDVYhpOyacfkX0EuC+qbi7GVrwSGYIYQCZ/UBAQ==
]]>&#x1f513;<![CDATA[ 복호화: 테스트 문자열
]]>&#x1f510;<![CDATA[ Jasypt 설정 완료:
  - 알고리즘: PBEWITHSHA256AND256BITAES-CBC-BC
  - 프로바이더: BC
  - 출력 타입: base64
]]>&#x1f510;<![CDATA[ Jasypt 설정 완료:
  - 알고리즘: PBEWITHSHA256AND256BITAES-CBC-BC
  - 프로바이더: BC
  - 출력 타입: base64

]]>&#x1f511;<![CDATA[ 새로 생성된 암호화 값들:
=================================================
url: ENC(qjNaPPLzFge1WrY/3fCZh0i9xle9TyTQDgtOQ1QvKK5WNbhDMTq1+GwQve/uJZMXujdnNgTameAOZNSxOGK5HNNr3c5nuzO6TDjkfj+z9+5QwgRqvN+Mm5aLWqkXmyJ87aIXvMUhcpHEBZUt+6PKvVySixj0Jptg3TqMS1LWRxXiwpB9g9zuNsB1Af7+dIRB)
username: ENC(vxW8jpyMObRjCT6No7wXiSWEpqE0/G6oUkUG+Ibwi0SpDtEjuFnSVSSJ30m4iWHO)
password: ENC(pB7Q0QMvyOlVOLjuaW27snQ6twwJHcgd4cBOhfeR2VxDuo+r4XuytdsZfcIDwuaW)
=================================================
✅ 위의 값들을 application-dev.yml에 복사해서 사용하세요!
]]></system-out>
  <system-err><![CDATA[]]></system-err>
</testsuite>
